2014/10/13 13:16:45 INFO  - jmeter.util.JMeterUtils: Setting Locale to en_US 
2014/10/13 13:16:45 INFO  - jmeter.JMeter: Loading user properties from: C:\ProgramData\chocolatey\lib\jmeter.2.11\tools\apache-jmeter-2.11\bin\user.properties 
2014/10/13 13:16:45 INFO  - jmeter.JMeter: Loading system properties from: C:\ProgramData\chocolatey\lib\jmeter.2.11\tools\apache-jmeter-2.11\bin\system.properties 
2014/10/13 13:16:45 INFO  - jmeter.JMeter: Copyright (c) 1998-2014 The Apache Software Foundation 
2014/10/13 13:16:45 INFO  - jmeter.JMeter: Version 2.11 r1554548 
2014/10/13 13:16:45 INFO  - jmeter.JMeter: java.version=1.7.0_67 
2014/10/13 13:16:45 INFO  - jmeter.JMeter: java.vm.name=Java HotSpot(TM) 64-Bit Server VM 
2014/10/13 13:16:45 INFO  - jmeter.JMeter: os.name=Windows 7 
2014/10/13 13:16:45 INFO  - jmeter.JMeter: os.arch=amd64 
2014/10/13 13:16:45 INFO  - jmeter.JMeter: os.version=6.1 
2014/10/13 13:16:45 INFO  - jmeter.JMeter: file.encoding=Cp1252 
2014/10/13 13:16:45 INFO  - jmeter.JMeter: Default Locale=English (United States) 
2014/10/13 13:16:45 INFO  - jmeter.JMeter: JMeter  Locale=English (United States) 
2014/10/13 13:16:45 INFO  - jmeter.JMeter: JMeterHome=C:\ProgramData\chocolatey\lib\jmeter.2.11\tools\apache-jmeter-2.11 
2014/10/13 13:16:45 INFO  - jmeter.JMeter: user.dir  =C:\ProgramData\chocolatey\chocolateytemplates\_templates\jmeter 
2014/10/13 13:16:45 INFO  - jmeter.JMeter: PWD       =C:\ProgramData\chocolatey\chocolateytemplates\_templates\jmeter 
2014/10/13 13:16:45 INFO  - jmeter.JMeter: IP: 10.191.19.9 Name: LTSB-W35181 FullName: LTSB-W35181.wisleg.root.local 
2014/10/13 13:16:45 INFO  - jmeter.JMeter: Loaded icon properties from org/apache/jmeter/images/icon.properties 
2014/10/13 13:16:45 INFO  - jmeter.engine.util.CompoundVariable: Note: Function class names must contain the string: '.functions.' 
2014/10/13 13:16:45 INFO  - jmeter.engine.util.CompoundVariable: Note: Function class names must not contain the string: '.gui.' 
2014/10/13 13:16:45 INFO  - jmeter.gui.action.LookAndFeelCommand: Using look and feel: javax.swing.plaf.metal.MetalLookAndFeel [Metal, CrossPlatform] 
2014/10/13 13:16:46 INFO  - jmeter.util.BSFTestElement: Registering JMeter version of JavaScript engine as work-round for BSF-22 
2014/10/13 13:16:46 INFO  - jmeter.protocol.http.sampler.HTTPSamplerBase: Cannot find .className property for htmlParser, using default 
2014/10/13 13:16:46 INFO  - jmeter.protocol.http.sampler.HTTPSamplerBase: Parser for text/html is  
2014/10/13 13:16:46 INFO  - jmeter.protocol.http.sampler.HTTPSamplerBase: Parser for application/xhtml+xml is  
2014/10/13 13:16:46 INFO  - jmeter.protocol.http.sampler.HTTPSamplerBase: Parser for application/xml is  
2014/10/13 13:16:46 INFO  - jmeter.protocol.http.sampler.HTTPSamplerBase: Parser for text/xml is  
2014/10/13 13:16:46 INFO  - jmeter.protocol.http.sampler.HTTPSamplerBase: Parser for text/vnd.wap.wml is org.apache.jmeter.protocol.http.parser.RegexpHTMLParser 
2014/10/13 13:16:46 INFO  - jmeter.gui.util.MenuFactory: Skipping org.apache.jmeter.protocol.http.control.gui.WebServiceSamplerGui 
2014/10/13 13:16:46 INFO  - jmeter.gui.util.MenuFactory: Skipping org.apache.jmeter.protocol.http.modifier.gui.ParamModifierGui 
2014/10/13 13:16:46 INFO  - jorphan.exec.KeyToolUtils: keytool found at 'keytool' 
2014/10/13 13:16:46 INFO  - jmeter.protocol.http.proxy.ProxyControl: HTTP(S) Test Script Recorder SSL Proxy will use keys that support embedded 3rd party resources in file C:\ProgramData\chocolatey\lib\jmeter.2.11\tools\apache-jmeter-2.11\bin\proxyserver.jks 
2014/10/13 13:16:47 INFO  - jmeter.samplers.SampleResult: Note: Sample TimeStamps are START times 
2014/10/13 13:16:47 INFO  - jmeter.samplers.SampleResult: sampleresult.default.encoding is set to ISO-8859-1 
2014/10/13 13:16:47 INFO  - jmeter.samplers.SampleResult: sampleresult.useNanoTime=true 
2014/10/13 13:16:47 INFO  - jmeter.samplers.SampleResult: sampleresult.nanoThreadSleep=5000 
2014/10/13 13:17:15 INFO  - jmeter.services.FileServer: Default base='C:\ProgramData\chocolatey\chocolateytemplates\_templates\jmeter' 
2014/10/13 13:17:15 INFO  - jmeter.gui.action.Load: Loading file: C:\svn\dtc\Environment\JMeter\SolrBench.jmx 
2014/10/13 13:17:15 INFO  - jmeter.services.FileServer: Set new base='C:\svn\dtc\Environment\JMeter' 
2014/10/13 13:17:15 INFO  - jmeter.save.SaveService: Testplan (JMX) version: 2.2. Testlog (JTL) version: 2.2 
2014/10/13 13:17:15 INFO  - jmeter.save.SaveService: Using SaveService properties file encoding UTF-8 
2014/10/13 13:17:15 INFO  - jmeter.save.SaveService: Using SaveService properties version 2.6 
2014/10/13 13:17:15 INFO  - jmeter.save.SaveService: Using SaveService properties file version 1554411 
2014/10/13 13:17:15 INFO  - jmeter.save.SaveService: All converter versions present and correct 
2014/10/13 13:17:15 INFO  - jmeter.services.FileServer: Set new base='C:\svn\dtc\Environment\JMeter' 
2014/10/13 13:17:28 INFO  - jmeter.engine.StandardJMeterEngine: Listeners will be started after enabling running version 
2014/10/13 13:17:28 INFO  - jmeter.engine.StandardJMeterEngine: To revert to the earlier behaviour, define jmeterengine.startlistenerslater=false 
2014/10/13 13:17:28 INFO  - jmeter.engine.StandardJMeterEngine: Running the test! 
2014/10/13 13:17:29 INFO  - jmeter.samplers.SampleEvent: List of sample_variables: [] 
2014/10/13 13:17:29 INFO  - jmeter.samplers.SampleEvent: List of sample_variables: [] 
2014/10/13 13:17:29 INFO  - jmeter.gui.util.JMeterMenuBar: setRunning(true,*local*) 
2014/10/13 13:17:29 INFO  - jmeter.engine.StandardJMeterEngine: Starting ThreadGroup: 1 : Thread Group 
2014/10/13 13:17:29 INFO  - jmeter.engine.StandardJMeterEngine: Starting 8 threads for group Thread Group. 
2014/10/13 13:17:29 INFO  - jmeter.engine.StandardJMeterEngine: Thread will continue on error 
2014/10/13 13:17:29 INFO  - jmeter.threads.ThreadGroup: Starting thread group number 1 threads 8 ramp-up 1 perThread 125.0 delayedStart=false 
2014/10/13 13:17:29 INFO  - jmeter.threads.JMeterThread: jmeterthread.startearlier=true (see jmeter.properties) 
2014/10/13 13:17:29 INFO  - jmeter.threads.JMeterThread: Running PostProcessors in forward order 
2014/10/13 13:17:29 INFO  - jmeter.threads.JMeterThread: Thread started: Thread Group 1-1 
2014/10/13 13:17:29 INFO  - jmeter.services.FileServer: Stored: solr.csv 
2014/10/13 13:17:29 INFO  - jmeter.threads.ThreadGroup: Started thread group number 1 
2014/10/13 13:17:29 INFO  - jmeter.engine.StandardJMeterEngine: All thread groups have been started 
2014/10/13 13:17:29 INFO  - jmeter.protocol.http.sampler.HTTPJavaImpl: Maximum connection retries = 10 
2014/10/13 13:17:29 INFO  - jmeter.threads.JMeterThread: Thread started: Thread Group 1-2 
2014/10/13 13:17:29 INFO  - jmeter.threads.JMeterThread: Thread started: Thread Group 1-3 
2014/10/13 13:17:29 INFO  - jmeter.threads.JMeterThread: Thread started: Thread Group 1-4 
2014/10/13 13:17:29 INFO  - jmeter.threads.JMeterThread: Thread started: Thread Group 1-5 
2014/10/13 13:17:29 INFO  - jmeter.threads.JMeterThread: Thread started: Thread Group 1-6 
2014/10/13 13:17:29 INFO  - jmeter.threads.JMeterThread: Thread started: Thread Group 1-7 
2014/10/13 13:17:30 INFO  - jmeter.threads.JMeterThread: Thread started: Thread Group 1-8 
2014/10/13 13:18:41 INFO  - jmeter.gui.action.Start: Stopping test 
2014/10/13 13:18:41 INFO  - jmeter.threads.JMeterThread: Stopping: Thread Group 1-1 
2014/10/13 13:18:41 INFO  - jmeter.threads.JMeterThread: Stopping: Thread Group 1-8 
2014/10/13 13:18:41 WARN  - jmeter.threads.JMeterThread: The delay timer was interrupted - probably did not wait as long as intended. 
2014/10/13 13:18:41 WARN  - jmeter.threads.JMeterThread: Interrupting: Thread Group 1-8 sampler: HTTP Request 
2014/10/13 13:18:41 INFO  - jmeter.threads.JMeterThread: Stopping: Thread Group 1-4 
2014/10/13 13:18:41 INFO  - jmeter.threads.JMeterThread: Stopping: Thread Group 1-7 
2014/10/13 13:18:41 WARN  - jmeter.threads.JMeterThread: The delay timer was interrupted - probably did not wait as long as intended. 
2014/10/13 13:18:41 WARN  - jmeter.threads.JMeterThread: Interrupting: Thread Group 1-7 sampler: HTTP Request 
2014/10/13 13:18:41 INFO  - jmeter.threads.JMeterThread: Stopping: Thread Group 1-5 
2014/10/13 13:18:41 ERROR - jmeter.protocol.http.sampler.HTTPJavaImpl: readResponse: java.net.SocketException: Socket closed 
2014/10/13 13:18:41 ERROR - jmeter.protocol.http.sampler.HTTPJavaImpl: readResponse: java.net.SocketException: Socket closed 
2014/10/13 13:18:41 WARN  - jmeter.threads.JMeterThread: The delay timer was interrupted - probably did not wait as long as intended. 
2014/10/13 13:18:41 INFO  - jmeter.threads.JMeterThread: Stopping: Thread Group 1-3 
2014/10/13 13:18:41 WARN  - jmeter.threads.JMeterThread: Interrupting: Thread Group 1-3 sampler: HTTP Request 
2014/10/13 13:18:41 INFO  - jmeter.threads.JMeterThread: Stopping: Thread Group 1-2 
2014/10/13 13:18:41 WARN  - jmeter.threads.JMeterThread: Interrupting: Thread Group 1-2 sampler: HTTP Request 
2014/10/13 13:18:41 INFO  - jmeter.threads.JMeterThread: Stopping: Thread Group 1-6 
2014/10/13 13:18:41 WARN  - jmeter.threads.JMeterThread: The delay timer was interrupted - probably did not wait as long as intended. 
2014/10/13 13:18:41 ERROR - jmeter.protocol.http.sampler.HTTPJavaImpl: readResponse: java.net.SocketException: Socket closed 
2014/10/13 13:18:41 ERROR - jmeter.protocol.http.sampler.HTTPJavaImpl: Cause: java.net.SocketException: Socket closed 
2014/10/13 13:18:41 ERROR - jmeter.protocol.http.sampler.HTTPJavaImpl: readResponse: java.net.SocketException: Socket closed 
2014/10/13 13:18:41 ERROR - jmeter.protocol.http.sampler.HTTPJavaImpl: Cause: java.net.SocketException: Socket closed 
2014/10/13 13:18:41 ERROR - jmeter.protocol.http.sampler.HTTPJavaImpl: Cause: java.net.SocketException: Socket closed 
2014/10/13 13:18:41 ERROR - jmeter.protocol.http.sampler.HTTPJavaImpl: Cause: java.net.SocketException: Socket closed 
2014/10/13 13:18:41 WARN  - jmeter.util.JMeterUtils: Interrupted in thread Thread Group 1-3 java.lang.InterruptedException
	at java.lang.Object.wait(Native Method)
	at java.lang.Object.wait(Object.java:503)
	at java.awt.EventQueue.invokeAndWait(Unknown Source)
	at java.awt.EventQueue.invokeAndWait(Unknown Source)
	at javax.swing.SwingUtilities.invokeAndWait(Unknown Source)
	at org.apache.jmeter.util.JMeterUtils.runSafe(JMeterUtils.java:1296)
	at org.apache.jmeter.visualizers.GraphVisualizer.add(GraphVisualizer.java:134)
	at org.apache.jmeter.reporters.ResultCollector.sendToVisualizer(ResultCollector.java:553)
	at org.apache.jmeter.reporters.ResultCollector.sampleOccurred(ResultCollector.java:529)
	at org.apache.jmeter.threads.ListenerNotifier.notifyListeners(ListenerNotifier.java:84)
	at org.apache.jmeter.threads.JMeterThread.notifyListeners(JMeterThread.java:783)
	at org.apache.jmeter.threads.JMeterThread.process_sampler(JMeterThread.java:443)
	at org.apache.jmeter.threads.JMeterThread.run(JMeterThread.java:257)
	at java.lang.Thread.run(Unknown Source)

2014/10/13 13:18:41 WARN  - jmeter.util.JMeterUtils: Interrupted in thread Thread Group 1-8 java.lang.InterruptedException
	at java.lang.Object.wait(Native Method)
	at java.lang.Object.wait(Object.java:503)
	at java.awt.EventQueue.invokeAndWait(Unknown Source)
	at java.awt.EventQueue.invokeAndWait(Unknown Source)
	at javax.swing.SwingUtilities.invokeAndWait(Unknown Source)
	at org.apache.jmeter.util.JMeterUtils.runSafe(JMeterUtils.java:1296)
	at org.apache.jmeter.visualizers.GraphVisualizer.add(GraphVisualizer.java:134)
	at org.apache.jmeter.reporters.ResultCollector.sendToVisualizer(ResultCollector.java:553)
	at org.apache.jmeter.reporters.ResultCollector.sampleOccurred(ResultCollector.java:529)
	at org.apache.jmeter.threads.ListenerNotifier.notifyListeners(ListenerNotifier.java:84)
	at org.apache.jmeter.threads.JMeterThread.notifyListeners(JMeterThread.java:783)
	at org.apache.jmeter.threads.JMeterThread.process_sampler(JMeterThread.java:443)
	at org.apache.jmeter.threads.JMeterThread.run(JMeterThread.java:257)
	at java.lang.Thread.run(Unknown Source)

2014/10/13 13:18:41 WARN  - jmeter.util.JMeterUtils: Interrupted in thread Thread Group 1-7 java.lang.InterruptedException
	at java.lang.Object.wait(Native Method)
	at java.lang.Object.wait(Object.java:503)
	at java.awt.EventQueue.invokeAndWait(Unknown Source)
	at java.awt.EventQueue.invokeAndWait(Unknown Source)
	at javax.swing.SwingUtilities.invokeAndWait(Unknown Source)
	at org.apache.jmeter.util.JMeterUtils.runSafe(JMeterUtils.java:1296)
	at org.apache.jmeter.visualizers.GraphVisualizer.add(GraphVisualizer.java:134)
	at org.apache.jmeter.reporters.ResultCollector.sendToVisualizer(ResultCollector.java:553)
	at org.apache.jmeter.reporters.ResultCollector.sampleOccurred(ResultCollector.java:529)
	at org.apache.jmeter.threads.ListenerNotifier.notifyListeners(ListenerNotifier.java:84)
	at org.apache.jmeter.threads.JMeterThread.notifyListeners(JMeterThread.java:783)
	at org.apache.jmeter.threads.JMeterThread.process_sampler(JMeterThread.java:443)
	at org.apache.jmeter.threads.JMeterThread.run(JMeterThread.java:257)
	at java.lang.Thread.run(Unknown Source)

2014/10/13 13:18:41 WARN  - jmeter.util.JMeterUtils: Interrupted in thread Thread Group 1-2 java.lang.InterruptedException
	at java.lang.Object.wait(Native Method)
	at java.lang.Object.wait(Object.java:503)
	at java.awt.EventQueue.invokeAndWait(Unknown Source)
	at java.awt.EventQueue.invokeAndWait(Unknown Source)
	at javax.swing.SwingUtilities.invokeAndWait(Unknown Source)
	at org.apache.jmeter.util.JMeterUtils.runSafe(JMeterUtils.java:1296)
	at org.apache.jmeter.visualizers.GraphVisualizer.add(GraphVisualizer.java:134)
	at org.apache.jmeter.reporters.ResultCollector.sendToVisualizer(ResultCollector.java:553)
	at org.apache.jmeter.reporters.ResultCollector.sampleOccurred(ResultCollector.java:529)
	at org.apache.jmeter.threads.ListenerNotifier.notifyListeners(ListenerNotifier.java:84)
	at org.apache.jmeter.threads.JMeterThread.notifyListeners(JMeterThread.java:783)
	at org.apache.jmeter.threads.JMeterThread.process_sampler(JMeterThread.java:443)
	at org.apache.jmeter.threads.JMeterThread.run(JMeterThread.java:257)
	at java.lang.Thread.run(Unknown Source)

2014/10/13 13:18:41 INFO  - jmeter.threads.JMeterThread: Thread finished: Thread Group 1-3 
2014/10/13 13:18:41 INFO  - jmeter.threads.JMeterThread: Thread finished: Thread Group 1-2 
2014/10/13 13:18:41 INFO  - jmeter.threads.JMeterThread: Thread finished: Thread Group 1-7 
2014/10/13 13:18:41 INFO  - jmeter.threads.JMeterThread: Thread finished: Thread Group 1-8 
2014/10/13 13:18:41 INFO  - jmeter.threads.JMeterThread: Thread finished: Thread Group 1-1 
2014/10/13 13:18:41 INFO  - jmeter.threads.JMeterThread: Thread finished: Thread Group 1-5 
2014/10/13 13:18:41 INFO  - jmeter.threads.JMeterThread: Thread finished: Thread Group 1-4 
2014/10/13 13:18:41 INFO  - jmeter.threads.JMeterThread: Thread finished: Thread Group 1-6 
2014/10/13 13:18:41 INFO  - jmeter.engine.StandardJMeterEngine: Notifying test listeners of end of test 
2014/10/13 13:18:41 INFO  - jmeter.services.FileServer: Close: solr.csv 
2014/10/13 13:18:41 INFO  - jmeter.gui.util.JMeterMenuBar: setRunning(false,*local*) 
